<?xml version="1.0" encoding="UTF-8"?>
<!-- Generated by org.testng.reporters.JUnitReportReporter -->
<testsuite skipped="0" hostname="LAPTOP-PATGFM90" name="assignment2.CountryDemo" tests="1" failures="0" timestamp="12 Jan 2021 05:47:28 GMT" time="22.150" errors="0">
  <testcase name="m1" time="22.150" classname="assignment2.CountryDemo"/>
</testsuite> <!-- assignment2.CountryDemo -->
