<?xml version="1.0" encoding="UTF-8"?>
<!-- Generated by org.testng.reporters.JUnitReportReporter -->
<testsuite skipped="0" hostname="LAPTOP-PATGFM90" name="assignment2.MonthvalueDemo" tests="1" failures="0" timestamp="12 Jan 2021 05:44:17 GMT" time="22.037" errors="0">
  <testcase name="m1" time="22.037" classname="assignment2.MonthvalueDemo"/>
</testsuite> <!-- assignment2.MonthvalueDemo -->
